<?xml version="1.0" encoding="UTF-8"?>
<!-- Generated by org.testng.reporters.JUnitXMLReporter -->
<testsuite ignored="0" hostname="Lenovo" failures="0" tests="7" name="Test" time="63.553" errors="0" timestamp="2025-01-11T00:24:15 IST">
  <testcase classname="CapStoneTest.BookingTest" name="testBooking" time="7.244"/>
  <testcase classname="CapStoneTest.BookingTest" name="testBooking" time="6.793"/>
  <testcase classname="CapStoneTest.LoginTest" name="testLogin" time="1.04"/>
  <testcase classname="CapStoneTest.LoginTest" name="testLogin" time="0.871"/>
  <testcase classname="CapStoneTest.LoginTest" name="testLogin" time="2.297"/>
  <testcase classname="CapStoneTest.SearchHotelTest" name="testHotelSearch" time="1.27"/>
  <testcase classname="CapStoneTest.SearchHotelTest" name="testHotelSearch" time="1.208"/>
</testsuite> <!-- Test -->
