<?xml version="1.0" encoding="UTF-8"?>
<!-- Generated by org.testng.reporters.JUnitXMLReporter -->
<testsuite ignored="0" hostname="Lenovo" failures="0" tests="7" name="Test" time="73.402" errors="0" timestamp="2025-01-11T01:22:11 IST">
  <testcase classname="CapStoneTest.BookingTest" name="testBooking" time="6.884"/>
  <testcase classname="CapStoneTest.BookingTest" name="testBooking" time="6.755"/>
  <testcase classname="CapStoneTest.LoginTest" name="testLogin" time="2.525"/>
  <testcase classname="CapStoneTest.LoginTest" name="testLogin" time="1.028"/>
  <testcase classname="CapStoneTest.LoginTest" name="testLogin" time="2.449"/>
  <testcase classname="CapStoneTest.SearchHotelTest" name="testHotelSearch" time="1.403"/>
  <testcase classname="CapStoneTest.SearchHotelTest" name="testHotelSearch" time="1.373"/>
</testsuite> <!-- Test -->
