<?xml version="1.0" encoding="UTF-8"?>
<testng-results ignored="0" total="7" passed="7" failed="0" skipped="0">
  <reporter-output>
  </reporter-output>
  <suite started-at="2025-01-11T01:20:57 IST" name="Suite" finished-at="2025-01-11T01:22:11 IST" duration-ms="73402">
    <groups>
    </groups>
    <test started-at="2025-01-11T01:20:57 IST" name="Test" finished-at="2025-01-11T01:22:11 IST" duration-ms="73402">
      <class name="CapStoneTest.LoginTest">
        <test-method is-config="true" signature="setUp()[pri:0, instance:CapStoneTest.LoginTest@192c3f1e]" started-at="2025-01-11T01:21:41 IST" name="setUp" finished-at="2025-01-11T01:21:43 IST" duration-ms="2118" status="PASS">
          <reporter-output>
          </reporter-output>
        </test-method> <!-- setUp -->
        <test-method signature="testLogin(java.lang.String,java.lang.String,boolean)[pri:0, instance:CapStoneTest.LoginTest@192c3f1e]" started-at="2025-01-11T01:21:43 IST" name="testLogin" data-provider="loginData" finished-at="2025-01-11T01:21:46 IST" duration-ms="2525" status="PASS">
          <params>
            <param index="0">
              <value>
                <![CDATA[NivashAnish]]>
              </value>
            </param>
            <param index="1">
              <value>
                <![CDATA[Password]]>
              </value>
            </param>
            <param index="2">
              <value>
                <![CDATA[true]]>
              </value>
            </param>
          </params>
          <reporter-output>
          </reporter-output>
        </test-method> <!-- testLogin -->
        <test-method is-config="true" signature="tearDown()[pri:0, instance:CapStoneTest.LoginTest@192c3f1e]" started-at="2025-01-11T01:21:46 IST" name="tearDown" finished-at="2025-01-11T01:21:46 IST" duration-ms="467" status="PASS">
          <reporter-output>
          </reporter-output>
        </test-method> <!-- tearDown -->
        <test-method is-config="true" signature="setUp()[pri:0, instance:CapStoneTest.LoginTest@192c3f1e]" started-at="2025-01-11T01:21:46 IST" name="setUp" finished-at="2025-01-11T01:21:50 IST" duration-ms="3901" status="PASS">
          <reporter-output>
          </reporter-output>
        </test-method> <!-- setUp -->
        <test-method signature="testLogin(java.lang.String,java.lang.String,boolean)[pri:0, instance:CapStoneTest.LoginTest@192c3f1e]" started-at="2025-01-11T01:21:50 IST" name="testLogin" data-provider="loginData" finished-at="2025-01-11T01:21:51 IST" duration-ms="1028" status="PASS">
          <params>
            <param index="0">
              <value>
                <![CDATA[SalmanKhan]]>
              </value>
            </param>
            <param index="1">
              <value>
                <![CDATA[Password]]>
              </value>
            </param>
            <param index="2">
              <value>
                <![CDATA[false]]>
              </value>
            </param>
          </params>
          <reporter-output>
          </reporter-output>
        </test-method> <!-- testLogin -->
        <test-method is-config="true" signature="tearDown()[pri:0, instance:CapStoneTest.LoginTest@192c3f1e]" started-at="2025-01-11T01:21:51 IST" name="tearDown" finished-at="2025-01-11T01:21:52 IST" duration-ms="896" status="PASS">
          <reporter-output>
          </reporter-output>
        </test-method> <!-- tearDown -->
        <test-method is-config="true" signature="setUp()[pri:0, instance:CapStoneTest.LoginTest@192c3f1e]" started-at="2025-01-11T01:21:52 IST" name="setUp" finished-at="2025-01-11T01:21:54 IST" duration-ms="2444" status="PASS">
          <reporter-output>
          </reporter-output>
        </test-method> <!-- setUp -->
        <test-method signature="testLogin(java.lang.String,java.lang.String,boolean)[pri:0, instance:CapStoneTest.LoginTest@192c3f1e]" started-at="2025-01-11T01:21:54 IST" name="testLogin" data-provider="loginData" finished-at="2025-01-11T01:21:57 IST" duration-ms="2449" status="PASS">
          <params>
            <param index="0">
              <value>
                <![CDATA[NivashAnish]]>
              </value>
            </param>
            <param index="1">
              <value>
                <![CDATA[invalidPassword]]>
              </value>
            </param>
            <param index="2">
              <value>
                <![CDATA[false]]>
              </value>
            </param>
          </params>
          <reporter-output>
          </reporter-output>
        </test-method> <!-- testLogin -->
        <test-method is-config="true" signature="tearDown()[pri:0, instance:CapStoneTest.LoginTest@192c3f1e]" started-at="2025-01-11T01:21:57 IST" name="tearDown" finished-at="2025-01-11T01:21:57 IST" duration-ms="632" status="PASS">
          <reporter-output>
          </reporter-output>
        </test-method> <!-- tearDown -->
      </class> <!-- CapStoneTest.LoginTest -->
      <class name="CapStoneTest.SearchHotelTest">
        <test-method is-config="true" signature="setUp()[pri:0, instance:CapStoneTest.SearchHotelTest@26b3fd41]" started-at="2025-01-11T01:21:57 IST" name="setUp" finished-at="2025-01-11T01:22:02 IST" duration-ms="4677" status="PASS">
          <reporter-output>
          </reporter-output>
        </test-method> <!-- setUp -->
        <test-method signature="testHotelSearch(java.lang.String,java.lang.String,java.lang.String,java.lang.String,java.lang.String,boolean)[pri:0, instance:CapStoneTest.SearchHotelTest@26b3fd41]" started-at="2025-01-11T01:22:02 IST" name="testHotelSearch" data-provider="hotelSearchData" finished-at="2025-01-11T01:22:04 IST" duration-ms="1403" status="PASS">
          <params>
            <param index="0">
              <value>
                <![CDATA[Sydney]]>
              </value>
            </param>
            <param index="1">
              <value>
                <![CDATA[Hotel Creek]]>
              </value>
            </param>
            <param index="2">
              <value>
                <![CDATA[Double]]>
              </value>
            </param>
            <param index="3">
              <value>
                <![CDATA[10-02-2025]]>
              </value>
            </param>
            <param index="4">
              <value>
                <![CDATA[14-02-2025]]>
              </value>
            </param>
            <param index="5">
              <value>
                <![CDATA[true]]>
              </value>
            </param>
          </params>
          <reporter-output>
          </reporter-output>
        </test-method> <!-- testHotelSearch -->
        <test-method is-config="true" signature="tearDown()[pri:0, instance:CapStoneTest.SearchHotelTest@26b3fd41]" started-at="2025-01-11T01:22:04 IST" name="tearDown" finished-at="2025-01-11T01:22:04 IST" duration-ms="798" status="PASS">
          <reporter-output>
          </reporter-output>
        </test-method> <!-- tearDown -->
        <test-method is-config="true" signature="setUp()[pri:0, instance:CapStoneTest.SearchHotelTest@26b3fd41]" started-at="2025-01-11T01:22:04 IST" name="setUp" finished-at="2025-01-11T01:22:09 IST" duration-ms="4325" status="PASS">
          <reporter-output>
          </reporter-output>
        </test-method> <!-- setUp -->
        <test-method signature="testHotelSearch(java.lang.String,java.lang.String,java.lang.String,java.lang.String,java.lang.String,boolean)[pri:0, instance:CapStoneTest.SearchHotelTest@26b3fd41]" started-at="2025-01-11T01:22:09 IST" name="testHotelSearch" data-provider="hotelSearchData" finished-at="2025-01-11T01:22:10 IST" duration-ms="1373" status="PASS">
          <params>
            <param index="0">
              <value>
                <![CDATA[Sydney]]>
              </value>
            </param>
            <param index="1">
              <value>
                <![CDATA[Hotel Creek]]>
              </value>
            </param>
            <param index="2">
              <value>
                <![CDATA[Double]]>
              </value>
            </param>
            <param index="3">
              <value>
                <![CDATA[10-02-2025]]>
              </value>
            </param>
            <param index="4">
              <value>
                <![CDATA[14-02-2024]]>
              </value>
            </param>
            <param index="5">
              <value>
                <![CDATA[false]]>
              </value>
            </param>
          </params>
          <reporter-output>
          </reporter-output>
        </test-method> <!-- testHotelSearch -->
        <test-method is-config="true" signature="tearDown()[pri:0, instance:CapStoneTest.SearchHotelTest@26b3fd41]" started-at="2025-01-11T01:22:10 IST" name="tearDown" finished-at="2025-01-11T01:22:11 IST" duration-ms="729" status="PASS">
          <reporter-output>
          </reporter-output>
        </test-method> <!-- tearDown -->
      </class> <!-- CapStoneTest.SearchHotelTest -->
      <class name="CapStoneTest.BookingTest">
        <test-method is-config="true" signature="setUp()[pri:0, instance:CapStoneTest.BookingTest@41a2befb]" started-at="2025-01-11T01:20:57 IST" name="setUp" finished-at="2025-01-11T01:21:14 IST" duration-ms="16156" status="PASS">
          <reporter-output>
          </reporter-output>
        </test-method> <!-- setUp -->
        <test-method signature="testBooking(java.lang.String,java.lang.String,java.lang.String,java.lang.String,java.lang.String,boolean)[pri:0, instance:CapStoneTest.BookingTest@41a2befb]" started-at="2025-01-11T01:21:14 IST" name="testBooking" data-provider="bookingData" finished-at="2025-01-11T01:21:20 IST" duration-ms="6884" status="PASS">
          <params>
            <param index="0">
              <value>
                <![CDATA[1234567812345678]]>
              </value>
            </param>
            <param index="1">
              <value>
                <![CDATA[VISA]]>
              </value>
            </param>
            <param index="2">
              <value>
                <![CDATA[01]]>
              </value>
            </param>
            <param index="3">
              <value>
                <![CDATA[2026]]>
              </value>
            </param>
            <param index="4">
              <value>
                <![CDATA[123]]>
              </value>
            </param>
            <param index="5">
              <value>
                <![CDATA[true]]>
              </value>
            </param>
          </params>
          <reporter-output>
          </reporter-output>
        </test-method> <!-- testBooking -->
        <test-method is-config="true" signature="tearDown()[pri:0, instance:CapStoneTest.BookingTest@41a2befb]" started-at="2025-01-11T01:21:20 IST" name="tearDown" finished-at="2025-01-11T01:21:21 IST" duration-ms="445" status="PASS">
          <reporter-output>
          </reporter-output>
        </test-method> <!-- tearDown -->
        <test-method is-config="true" signature="setUp()[pri:0, instance:CapStoneTest.BookingTest@41a2befb]" started-at="2025-01-11T01:21:21 IST" name="setUp" finished-at="2025-01-11T01:21:34 IST" duration-ms="12871" status="PASS">
          <reporter-output>
          </reporter-output>
        </test-method> <!-- setUp -->
        <test-method signature="testBooking(java.lang.String,java.lang.String,java.lang.String,java.lang.String,java.lang.String,boolean)[pri:0, instance:CapStoneTest.BookingTest@41a2befb]" started-at="2025-01-11T01:21:34 IST" name="testBooking" data-provider="bookingData" finished-at="2025-01-11T01:21:41 IST" duration-ms="6755" status="PASS">
          <params>
            <param index="0">
              <value>
                <![CDATA[1]]>
              </value>
            </param>
            <param index="1">
              <value>
                <![CDATA[VISA]]>
              </value>
            </param>
            <param index="2">
              <value>
                <![CDATA[01]]>
              </value>
            </param>
            <param index="3">
              <value>
                <![CDATA[2000]]>
              </value>
            </param>
            <param index="4">
              <value>
                <![CDATA[999]]>
              </value>
            </param>
            <param index="5">
              <value>
                <![CDATA[false]]>
              </value>
            </param>
          </params>
          <reporter-output>
          </reporter-output>
        </test-method> <!-- testBooking -->
        <test-method is-config="true" signature="tearDown()[pri:0, instance:CapStoneTest.BookingTest@41a2befb]" started-at="2025-01-11T01:21:41 IST" name="tearDown" finished-at="2025-01-11T01:21:41 IST" duration-ms="431" status="PASS">
          <reporter-output>
          </reporter-output>
        </test-method> <!-- tearDown -->
      </class> <!-- CapStoneTest.BookingTest -->
    </test> <!-- Test -->
  </suite> <!-- Suite -->
</testng-results>
