<?xml version="1.0" encoding="UTF-8"?>
<testng-results ignored="0" total="2" passed="2" failed="0" skipped="0">
  <reporter-output>
  </reporter-output>
  <suite started-at="2025-01-11T00:26:36 IST" name="Default suite" finished-at="2025-01-11T00:27:14 IST" duration-ms="38528">
    <groups>
    </groups>
    <test started-at="2025-01-11T00:26:36 IST" name="Default test" finished-at="2025-01-11T00:27:14 IST" duration-ms="38528">
      <class name="CapStoneTest.BookingTest">
        <test-method is-config="true" signature="setUp()[pri:0, instance:CapStoneTest.BookingTest@d35dea7]" started-at="2025-01-11T00:26:36 IST" name="setUp" finished-at="2025-01-11T00:26:48 IST" duration-ms="12272" status="PASS">
          <reporter-output>
          </reporter-output>
        </test-method> <!-- setUp -->
        <test-method signature="testBooking(java.lang.String,java.lang.String,java.lang.String,java.lang.String,java.lang.String,boolean)[pri:0, instance:CapStoneTest.BookingTest@d35dea7]" started-at="2025-01-11T00:26:48 IST" name="testBooking" data-provider="bookingData" finished-at="2025-01-11T00:26:55 IST" duration-ms="7105" status="PASS">
          <params>
            <param index="0">
              <value>
                <![CDATA[1234567812345678]]>
              </value>
            </param>
            <param index="1">
              <value>
                <![CDATA[VISA]]>
              </value>
            </param>
            <param index="2">
              <value>
                <![CDATA[01]]>
              </value>
            </param>
            <param index="3">
              <value>
                <![CDATA[2026]]>
              </value>
            </param>
            <param index="4">
              <value>
                <![CDATA[123]]>
              </value>
            </param>
            <param index="5">
              <value>
                <![CDATA[true]]>
              </value>
            </param>
          </params>
          <reporter-output>
          </reporter-output>
        </test-method> <!-- testBooking -->
        <test-method is-config="true" signature="tearDown()[pri:0, instance:CapStoneTest.BookingTest@d35dea7]" started-at="2025-01-11T00:26:55 IST" name="tearDown" finished-at="2025-01-11T00:26:56 IST" duration-ms="406" status="PASS">
          <reporter-output>
          </reporter-output>
        </test-method> <!-- tearDown -->
        <test-method is-config="true" signature="setUp()[pri:0, instance:CapStoneTest.BookingTest@d35dea7]" started-at="2025-01-11T00:26:56 IST" name="setUp" finished-at="2025-01-11T00:27:07 IST" duration-ms="11595" status="PASS">
          <reporter-output>
          </reporter-output>
        </test-method> <!-- setUp -->
        <test-method signature="testBooking(java.lang.String,java.lang.String,java.lang.String,java.lang.String,java.lang.String,boolean)[pri:0, instance:CapStoneTest.BookingTest@d35dea7]" started-at="2025-01-11T00:27:07 IST" name="testBooking" data-provider="bookingData" finished-at="2025-01-11T00:27:14 IST" duration-ms="6731" status="PASS">
          <params>
            <param index="0">
              <value>
                <![CDATA[1]]>
              </value>
            </param>
            <param index="1">
              <value>
                <![CDATA[VISA]]>
              </value>
            </param>
            <param index="2">
              <value>
                <![CDATA[01]]>
              </value>
            </param>
            <param index="3">
              <value>
                <![CDATA[2000]]>
              </value>
            </param>
            <param index="4">
              <value>
                <![CDATA[999]]>
              </value>
            </param>
            <param index="5">
              <value>
                <![CDATA[false]]>
              </value>
            </param>
          </params>
          <reporter-output>
          </reporter-output>
        </test-method> <!-- testBooking -->
        <test-method is-config="true" signature="tearDown()[pri:0, instance:CapStoneTest.BookingTest@d35dea7]" started-at="2025-01-11T00:27:14 IST" name="tearDown" finished-at="2025-01-11T00:27:14 IST" duration-ms="361" status="PASS">
          <reporter-output>
          </reporter-output>
        </test-method> <!-- tearDown -->
      </class> <!-- CapStoneTest.BookingTest -->
    </test> <!-- Default test -->
  </suite> <!-- Default suite -->
</testng-results>
